<?xml version="1.0" encoding="UTF-8"?>
<!-- Generated by org.testng.reporters.JUnitReportReporter -->
<testsuite skipped="0" hostname="PRINHYLTPHP0104" name="com.tests.TestNGSampleTest" tests="7" failures="0" timestamp="2020-01-09T10:01:30 IST" time="8.148" errors="0">
  <testcase name="pageLoad" time="0.063" classname="com.tests.TestNGSampleTest"/>
  <system-out/>
  <testcase name="enterFirstCity" time="2.042" classname="com.tests.TestNGSampleTest"/>
  <system-out/>
  <testcase name="enterSecondCity" time="2.056" classname="com.tests.TestNGSampleTest"/>
  <system-out/>
  <testcase name="checkTimeDifference" time="0.078" classname="com.tests.TestNGSampleTest"/>
  <system-out/>
  <testcase name="checkSwapButton" time="1.399" classname="com.tests.TestNGSampleTest"/>
  <system-out/>
  <testcase name="checkDelete" time="1.218" classname="com.tests.TestNGSampleTest"/>
  <system-out/>
  <testcase name="changeDate" time="1.292" classname="com.tests.TestNGSampleTest"/>
  <system-out/>
</testsuite> <!-- com.tests.TestNGSampleTest -->
